<?xml version="1.0" encoding="UTF-8"?>
<!-- Generated by org.testng.reporters.JUnitXMLReporter -->
<testsuite ignored="0" hostname="DESKTOP-402V9A7" failures="0" tests="3" name="Default test" time="0.066" errors="0" timestamp="2022-09-06T13:07:34 WIB">
  <testcase classname="UjianKedua.TestGeometri" name="testLuasPersegi" time="0.008"/>
  <testcase classname="UjianKedua.TestGeometri" name="testLuasSegitiga" time="0.002"/>
  <testcase classname="UjianKedua.TestGeometri" name="testLuasTrapesium" time="0.001"/>
</testsuite> <!-- Default test -->
