<?xml version="1.0" encoding="UTF-8"?>
<!-- Generated by org.testng.reporters.JUnitXMLReporter -->
<testsuite ignored="0" hostname="DESKTOP-402V9A7" failures="0" tests="8" name="Test" time="0.147" errors="0" timestamp="2022-09-06T09:53:45 WIB">
  <testcase classname="UjianKedua.TestMatematika" name="testTambahNilai" time="0.012"/>
  <testcase classname="UjianKedua.TestMatematika" name="testKurangNilai" time="0.002"/>
  <testcase classname="UjianKedua.TestMatematika" name="testBagiNilai" time="0.004"/>
  <testcase classname="UjianKedua.TestMatematika" name="testModulusNilai" time="0.002"/>
  <testcase classname="UjianKedua.TestStringNumeric" name="testParseOne" time="0.002"/>
  <testcase classname="UjianKedua.TestGeometri" name="testLuasPersegi" time="0.002"/>
  <testcase classname="UjianKedua.TestGeometri" name="testLuasSegitiga" time="0.003"/>
  <testcase classname="UjianKedua.TestGeometri" name="testLuasTrapesium" time="0.003"/>
</testsuite> <!-- Test -->
