<?xml version="1.0" encoding="UTF-8"?>
<testng-results ignored="0" total="4" passed="4" failed="0" skipped="0">
  <reporter-output>
  </reporter-output>
  <suite started-at="2022-09-06T13:39:11 WIB" name="Suite" finished-at="2022-09-06T13:39:11 WIB" duration-ms="76">
    <groups>
    </groups>
    <test started-at="2022-09-06T13:39:11 WIB" name="Test" finished-at="2022-09-06T13:39:11 WIB" duration-ms="76">
      <class name="UjianKedua.TestGeometri">
        <test-method is-config="true" signature="beforeClass()[pri:0, instance:UjianKedua.TestGeometri@2b91004a]" started-at="2022-09-06T13:39:11 WIB" name="beforeClass" finished-at="2022-09-06T13:39:11 WIB" duration-ms="0" status="PASS">
          <reporter-output>
          </reporter-output>
        </test-method> <!-- beforeClass -->
        <test-method signature="testLuasPersegi()[pri:0, instance:UjianKedua.TestGeometri@2b91004a]" started-at="2022-09-06T13:39:11 WIB" name="testLuasPersegi" finished-at="2022-09-06T13:39:11 WIB" duration-ms="1" status="PASS">
          <reporter-output>
          </reporter-output>
        </test-method> <!-- testLuasPersegi -->
        <test-method signature="testLuasSegitiga()[pri:1, instance:UjianKedua.TestGeometri@2b91004a]" started-at="2022-09-06T13:39:11 WIB" name="testLuasSegitiga" finished-at="2022-09-06T13:39:11 WIB" duration-ms="2" status="PASS">
          <reporter-output>
          </reporter-output>
        </test-method> <!-- testLuasSegitiga -->
        <test-method signature="testLuasTrapesium()[pri:2, instance:UjianKedua.TestGeometri@2b91004a]" started-at="2022-09-06T13:39:11 WIB" name="testLuasTrapesium" finished-at="2022-09-06T13:39:11 WIB" duration-ms="1" status="PASS">
          <reporter-output>
          </reporter-output>
        </test-method> <!-- testLuasTrapesium -->
        <test-method is-config="true" signature="afterClass()[pri:0, instance:UjianKedua.TestGeometri@2b91004a]" started-at="2022-09-06T13:39:11 WIB" name="afterClass" finished-at="2022-09-06T13:39:11 WIB" duration-ms="0" status="PASS">
          <reporter-output>
          </reporter-output>
        </test-method> <!-- afterClass -->
      </class> <!-- UjianKedua.TestGeometri -->
      <class name="UjianKedua.TestStringNumeric">
        <test-method is-config="true" signature="beforeClass()[pri:0, instance:UjianKedua.TestStringNumeric@32ee6fee]" started-at="2022-09-06T13:39:11 WIB" name="beforeClass" finished-at="2022-09-06T13:39:11 WIB" duration-ms="12" status="PASS">
          <reporter-output>
          </reporter-output>
        </test-method> <!-- beforeClass -->
        <test-method signature="testParseOne()[pri:0, instance:UjianKedua.TestStringNumeric@32ee6fee]" started-at="2022-09-06T13:39:11 WIB" name="testParseOne" finished-at="2022-09-06T13:39:11 WIB" duration-ms="16" status="PASS">
          <reporter-output>
          </reporter-output>
        </test-method> <!-- testParseOne -->
        <test-method is-config="true" signature="afterClass()[pri:0, instance:UjianKedua.TestStringNumeric@32ee6fee]" started-at="2022-09-06T13:39:11 WIB" name="afterClass" finished-at="2022-09-06T13:39:11 WIB" duration-ms="1" status="PASS">
          <reporter-output>
          </reporter-output>
        </test-method> <!-- afterClass -->
      </class> <!-- UjianKedua.TestStringNumeric -->
    </test> <!-- Test -->
  </suite> <!-- Suite -->
</testng-results>
